<?xml version="1.0" encoding="UTF-8"?>
<!-- Generated by org.testng.reporters.JUnitXMLReporter -->
<testsuite hostname="balu-PC" ignored="2" name="Default test" tests="1" failures="0" timestamp="08 Jan 2018 10:33:43 GMT" time="21.431" errors="0">
  <testcase name="TC102_DeleteQualificationDetails_WorkExperience" time="21.043" classname="testScripts.Module1_Qualifications"/>
  <testcase name="TC101_AddQualificationDetails_WorkExperience" time="0.0" classname="testScripts.Module1_Qualifications">
    <ignored/>
  </testcase> <!-- TC101_AddQualificationDetails_WorkExperience -->
  <testcase name="TC103_AddQualificationDetails_Education" time="0.0" classname="testScripts.Module1_Qualifications">
    <ignored/>
  </testcase> <!-- TC103_AddQualificationDetails_Education -->
</testsuite> <!-- Default test -->
