<?xml version="1.0" encoding="UTF-8"?>
<!-- Generated by org.testng.reporters.JUnitXMLReporter -->
<testsuite hostname="DESKTOP-PTPPKGU" ignored="8" name="Test" tests="3" failures="0" timestamp="07 Jan 2018 09:47:23 GMT" time="89.568" errors="0">
  <testcase name="TC101_AddQualificationDetails_WorkExperience" time="36.794" classname="testScripts.Module1_Qualifications"/>
  <testcase name="TC102_DeleteQualificationDetails_WorkExperience" time="29.437" classname="testScripts.Module1_Qualifications"/>
  <testcase name="TC103_AddQualificationDetails_Education" time="22.488" classname="testScripts.Module1_Qualifications"/>
  <testcase name="@AfterSuite AfterSuite" time="0.0" classname="frameworkLibrary.BaseClass">
    <ignored/>
  </testcase> <!-- @AfterSuite AfterSuite -->
  <testcase name="@AfterSuite AfterSuite" time="0.0" classname="frameworkLibrary.BaseClass">
    <ignored/>
  </testcase> <!-- @AfterSuite AfterSuite -->
  <testcase name="@AfterSuite AfterSuite" time="0.0" classname="frameworkLibrary.BaseClass">
    <ignored/>
  </testcase> <!-- @AfterSuite AfterSuite -->
  <testcase name="@AfterSuite AfterSuite" time="0.0" classname="frameworkLibrary.BaseClass">
    <ignored/>
  </testcase> <!-- @AfterSuite AfterSuite -->
  <testcase name="@BeforeSuite BeforeSuite" time="0.0" classname="frameworkLibrary.BaseClass">
    <ignored/>
  </testcase> <!-- @BeforeSuite BeforeSuite -->
  <testcase name="@BeforeSuite BeforeSuite" time="0.0" classname="frameworkLibrary.BaseClass">
    <ignored/>
  </testcase> <!-- @BeforeSuite BeforeSuite -->
  <testcase name="@BeforeSuite BeforeSuite" time="0.0" classname="frameworkLibrary.BaseClass">
    <ignored/>
  </testcase> <!-- @BeforeSuite BeforeSuite -->
  <testcase name="@BeforeSuite BeforeSuite" time="0.0" classname="frameworkLibrary.BaseClass">
    <ignored/>
  </testcase> <!-- @BeforeSuite BeforeSuite -->
</testsuite> <!-- Test -->
